Analysis & Synthesis report for LCD_Display
Thu May 12 11:33:53 2022
Quartus II 32-bit Version 13.1.0 Build 162 10/23/2013 SJ Web Edition


---------------------
; Table of Contents ;
---------------------
  1. Legal Notice
  2. Analysis & Synthesis Summary
  3. Analysis & Synthesis Settings
  4. Parallel Compilation
  5. Analysis & Synthesis Source Files Read
  6. Analysis & Synthesis Resource Usage Summary
  7. Analysis & Synthesis Resource Utilization by Entity
  8. Registers Removed During Synthesis
  9. General Register Statistics
 10. Inverted Register Statistics
 11. Multiplexer Restructuring Statistics (Restructuring Performed)
 12. Elapsed Time Per Partition
 13. Analysis & Synthesis Messages



----------------
; Legal Notice ;
----------------
Copyright (C) 1991-2013 Altera Corporation
Your use of Altera Corporation's design tools, logic functions 
and other software and tools, and its AMPP partner logic 
functions, and any output files from any of the foregoing 
(including device programming or simulation files), and any 
associated documentation or information are expressly subject 
to the terms and conditions of the Altera Program License 
Subscription Agreement, Altera MegaCore Function License 
Agreement, or other applicable license agreement, including, 
without limitation, that your use is for the sole purpose of 
programming logic devices manufactured by Altera and sold by 
Altera or its authorized distributors.  Please refer to the 
applicable agreement for further details.



+---------------------------------------------------------------------------------+
; Analysis & Synthesis Summary                                                    ;
+------------------------------------+--------------------------------------------+
; Analysis & Synthesis Status        ; Successful - Thu May 12 11:33:53 2022      ;
; Quartus II 32-bit Version          ; 13.1.0 Build 162 10/23/2013 SJ Web Edition ;
; Revision Name                      ; LCD_Display                                ;
; Top-level Entity Name              ; LCD_Display                                ;
; Family                             ; Cyclone IV E                               ;
; Total logic elements               ; 146                                        ;
;     Total combinational functions  ; 146                                        ;
;     Dedicated logic registers      ; 74                                         ;
; Total registers                    ; 74                                         ;
; Total pins                         ; 12                                         ;
; Total virtual pins                 ; 0                                          ;
; Total memory bits                  ; 0                                          ;
; Embedded Multiplier 9-bit elements ; 0                                          ;
; Total PLLs                         ; 0                                          ;
+------------------------------------+--------------------------------------------+


+----------------------------------------------------------------------------------------------------------------------+
; Analysis & Synthesis Settings                                                                                        ;
+----------------------------------------------------------------------------+--------------------+--------------------+
; Option                                                                     ; Setting            ; Default Value      ;
+----------------------------------------------------------------------------+--------------------+--------------------+
; Device                                                                     ; EP4CE6E22C8        ;                    ;
; Top-level entity name                                                      ; LCD_Display        ; LCD_Display        ;
; Family name                                                                ; Cyclone IV E       ; Cyclone IV GX      ;
; Use smart compilation                                                      ; Off                ; Off                ;
; Enable parallel Assembler and TimeQuest Timing Analyzer during compilation ; On                 ; On                 ;
; Enable compact report table                                                ; Off                ; Off                ;
; Restructure Multiplexers                                                   ; Auto               ; Auto               ;
; Create Debugging Nodes for IP Cores                                        ; Off                ; Off                ;
; Preserve fewer node names                                                  ; On                 ; On                 ;
; Disable OpenCore Plus hardware evaluation                                  ; Off                ; Off                ;
; Verilog Version                                                            ; Verilog_2001       ; Verilog_2001       ;
; VHDL Version                                                               ; VHDL_1993          ; VHDL_1993          ;
; State Machine Processing                                                   ; Auto               ; Auto               ;
; Safe State Machine                                                         ; Off                ; Off                ;
; Extract Verilog State Machines                                             ; On                 ; On                 ;
; Extract VHDL State Machines                                                ; On                 ; On                 ;
; Ignore Verilog initial constructs                                          ; Off                ; Off                ;
; Iteration limit for constant Verilog loops                                 ; 5000               ; 5000               ;
; Iteration limit for non-constant Verilog loops                             ; 250                ; 250                ;
; Add Pass-Through Logic to Inferred RAMs                                    ; On                 ; On                 ;
; Infer RAMs from Raw Logic                                                  ; On                 ; On                 ;
; Parallel Synthesis                                                         ; On                 ; On                 ;
; DSP Block Balancing                                                        ; Auto               ; Auto               ;
; NOT Gate Push-Back                                                         ; On                 ; On                 ;
; Power-Up Don't Care                                                        ; On                 ; On                 ;
; Remove Redundant Logic Cells                                               ; Off                ; Off                ;
; Remove Duplicate Registers                                                 ; On                 ; On                 ;
; Ignore CARRY Buffers                                                       ; Off                ; Off                ;
; Ignore CASCADE Buffers                                                     ; Off                ; Off                ;
; Ignore GLOBAL Buffers                                                      ; Off                ; Off                ;
; Ignore ROW GLOBAL Buffers                                                  ; Off                ; Off                ;
; Ignore LCELL Buffers                                                       ; Off                ; Off                ;
; Ignore SOFT Buffers                                                        ; On                 ; On                 ;
; Limit AHDL Integers to 32 Bits                                             ; Off                ; Off                ;
; Optimization Technique                                                     ; Balanced           ; Balanced           ;
; Carry Chain Length                                                         ; 70                 ; 70                 ;
; Auto Carry Chains                                                          ; On                 ; On                 ;
; Auto Open-Drain Pins                                                       ; On                 ; On                 ;
; Perform WYSIWYG Primitive Resynthesis                                      ; Off                ; Off                ;
; Auto ROM Replacement                                                       ; On                 ; On                 ;
; Auto RAM Replacement                                                       ; On                 ; On                 ;
; Auto DSP Block Replacement                                                 ; On                 ; On                 ;
; Auto Shift Register Replacement                                            ; Auto               ; Auto               ;
; Allow Shift Register Merging across Hierarchies                            ; Auto               ; Auto               ;
; Auto Clock Enable Replacement                                              ; On                 ; On                 ;
; Strict RAM Replacement                                                     ; Off                ; Off                ;
; Allow Synchronous Control Signals                                          ; On                 ; On                 ;
; Force Use of Synchronous Clear Signals                                     ; Off                ; Off                ;
; Auto RAM Block Balancing                                                   ; On                 ; On                 ;
; Auto RAM to Logic Cell Conversion                                          ; Off                ; Off                ;
; Auto Resource Sharing                                                      ; Off                ; Off                ;
; Allow Any RAM Size For Recognition                                         ; Off                ; Off                ;
; Allow Any ROM Size For Recognition                                         ; Off                ; Off                ;
; Allow Any Shift Register Size For Recognition                              ; Off                ; Off                ;
; Use LogicLock Constraints during Resource Balancing                        ; On                 ; On                 ;
; Ignore translate_off and synthesis_off directives                          ; Off                ; Off                ;
; Timing-Driven Synthesis                                                    ; On                 ; On                 ;
; Report Parameter Settings                                                  ; On                 ; On                 ;
; Report Source Assignments                                                  ; On                 ; On                 ;
; Report Connectivity Checks                                                 ; On                 ; On                 ;
; Ignore Maximum Fan-Out Assignments                                         ; Off                ; Off                ;
; Synchronization Register Chain Length                                      ; 2                  ; 2                  ;
; PowerPlay Power Optimization                                               ; Normal compilation ; Normal compilation ;
; HDL message level                                                          ; Level2             ; Level2             ;
; Suppress Register Optimization Related Messages                            ; Off                ; Off                ;
; Number of Removed Registers Reported in Synthesis Report                   ; 5000               ; 5000               ;
; Number of Swept Nodes Reported in Synthesis Report                         ; 5000               ; 5000               ;
; Number of Inverted Registers Reported in Synthesis Report                  ; 100                ; 100                ;
; Clock MUX Protection                                                       ; On                 ; On                 ;
; Auto Gated Clock Conversion                                                ; Off                ; Off                ;
; Block Design Naming                                                        ; Auto               ; Auto               ;
; SDC constraint protection                                                  ; Off                ; Off                ;
; Synthesis Effort                                                           ; Auto               ; Auto               ;
; Shift Register Replacement - Allow Asynchronous Clear Signal               ; On                 ; On                 ;
; Pre-Mapping Resynthesis Optimization                                       ; Off                ; Off                ;
; Analysis & Synthesis Message Level                                         ; Medium             ; Medium             ;
; Disable Register Merging Across Hierarchies                                ; Auto               ; Auto               ;
; Resource Aware Inference For Block RAM                                     ; On                 ; On                 ;
; Synthesis Seed                                                             ; 1                  ; 1                  ;
+----------------------------------------------------------------------------+--------------------+--------------------+


Parallel compilation was disabled, but you have multiple processors available. Enable parallel compilation to reduce compilation time.
+-------------------------------------+
; Parallel Compilation                ;
+----------------------------+--------+
; Processors                 ; Number ;
+----------------------------+--------+
; Number detected on machine ; 6      ;
; Maximum allowed            ; 1      ;
+----------------------------+--------+


+-----------------------------------------------------------------------------------------------------------------------------------------------+
; Analysis & Synthesis Source Files Read                                                                                                        ;
+----------------------------------+-----------------+------------------------+-------------------------------------------------------+---------+
; File Name with User-Entered Path ; Used in Netlist ; File Type              ; File Name with Absolute Path                          ; Library ;
+----------------------------------+-----------------+------------------------+-------------------------------------------------------+---------+
; LCD_Display.v                    ; yes             ; User Verilog HDL File  ; C:/Users/My PC/Desktop/FPGA/LCD Display/LCD_Display.v ;         ;
+----------------------------------+-----------------+------------------------+-------------------------------------------------------+---------+


+---------------------------------------------------------+
; Analysis & Synthesis Resource Usage Summary             ;
+---------------------------------------------+-----------+
; Resource                                    ; Usage     ;
+---------------------------------------------+-----------+
; Estimated Total logic elements              ; 146       ;
;                                             ;           ;
; Total combinational functions               ; 146       ;
; Logic element usage by number of LUT inputs ;           ;
;     -- 4 input functions                    ; 71        ;
;     -- 3 input functions                    ; 7         ;
;     -- <=2 input functions                  ; 68        ;
;                                             ;           ;
; Logic elements by mode                      ;           ;
;     -- normal mode                          ; 84        ;
;     -- arithmetic mode                      ; 62        ;
;                                             ;           ;
; Total registers                             ; 74        ;
;     -- Dedicated logic registers            ; 74        ;
;     -- I/O registers                        ; 0         ;
;                                             ;           ;
; I/O pins                                    ; 12        ;
; Embedded Multiplier 9-bit elements          ; 0         ;
; Maximum fan-out node                        ; clk~input ;
; Maximum fan-out                             ; 74        ;
; Total fan-out                               ; 648       ;
; Average fan-out                             ; 2.66      ;
+---------------------------------------------+-----------+


+-----------------------------------------------------------------------------------------------------------------------------------------------------------------------------+
; Analysis & Synthesis Resource Utilization by Entity                                                                                                                         ;
+----------------------------+-------------------+--------------+-------------+--------------+---------+-----------+------+--------------+---------------------+--------------+
; Compilation Hierarchy Node ; LC Combinationals ; LC Registers ; Memory Bits ; DSP Elements ; DSP 9x9 ; DSP 18x18 ; Pins ; Virtual Pins ; Full Hierarchy Name ; Library Name ;
+----------------------------+-------------------+--------------+-------------+--------------+---------+-----------+------+--------------+---------------------+--------------+
; |LCD_Display               ; 146 (146)         ; 74 (74)      ; 0           ; 0            ; 0       ; 0         ; 12   ; 0            ; |LCD_Display        ; work         ;
+----------------------------+-------------------+--------------+-------------+--------------+---------+-----------+------+--------------+---------------------+--------------+
Note: For table entries with two numbers listed, the numbers in parentheses indicate the number of resources of the given type used by the specific entity alone. The numbers listed outside of parentheses indicate the total resources of the given type used by the specific entity and all of its sub-entities in the hierarchy.


+----------------------------------------------------------------------------------+
; Registers Removed During Synthesis                                               ;
+-----------------------------------------+----------------------------------------+
; Register name                           ; Reason for Removal                     ;
+-----------------------------------------+----------------------------------------+
; Datas[36][0]                            ; Stuck at GND due to stuck port data_in ;
; Datas[36][1]                            ; Stuck at GND due to stuck port data_in ;
; Datas[36][2]                            ; Stuck at GND due to stuck port data_in ;
; Datas[36][3]                            ; Stuck at GND due to stuck port data_in ;
; Datas[36][4]                            ; Stuck at GND due to stuck port data_in ;
; Datas[36][5]                            ; Stuck at VCC due to stuck port data_in ;
; Datas[36][6]                            ; Stuck at GND due to stuck port data_in ;
; Datas[36][7]                            ; Stuck at GND due to stuck port data_in ;
; Datas[35][0]                            ; Stuck at GND due to stuck port data_in ;
; Datas[35][1]                            ; Stuck at GND due to stuck port data_in ;
; Datas[35][2]                            ; Stuck at GND due to stuck port data_in ;
; Datas[35][3]                            ; Stuck at GND due to stuck port data_in ;
; Datas[35][4]                            ; Stuck at GND due to stuck port data_in ;
; Datas[35][5]                            ; Stuck at VCC due to stuck port data_in ;
; Datas[35][6]                            ; Stuck at GND due to stuck port data_in ;
; Datas[35][7]                            ; Stuck at GND due to stuck port data_in ;
; Datas[34][0]                            ; Stuck at GND due to stuck port data_in ;
; Datas[34][1]                            ; Stuck at GND due to stuck port data_in ;
; Datas[34][2]                            ; Stuck at GND due to stuck port data_in ;
; Datas[34][3]                            ; Stuck at GND due to stuck port data_in ;
; Datas[34][4]                            ; Stuck at GND due to stuck port data_in ;
; Datas[34][5]                            ; Stuck at VCC due to stuck port data_in ;
; Datas[34][6]                            ; Stuck at GND due to stuck port data_in ;
; Datas[34][7]                            ; Stuck at GND due to stuck port data_in ;
; Datas[33][0]                            ; Stuck at GND due to stuck port data_in ;
; Datas[33][1]                            ; Stuck at VCC due to stuck port data_in ;
; Datas[33][2]                            ; Stuck at VCC due to stuck port data_in ;
; Datas[33][3]                            ; Stuck at VCC due to stuck port data_in ;
; Datas[33][4]                            ; Stuck at GND due to stuck port data_in ;
; Datas[33][5]                            ; Stuck at GND due to stuck port data_in ;
; Datas[33][6]                            ; Stuck at VCC due to stuck port data_in ;
; Datas[33][7]                            ; Stuck at GND due to stuck port data_in ;
; Datas[32][0]                            ; Stuck at VCC due to stuck port data_in ;
; Datas[32][1]                            ; Stuck at GND due to stuck port data_in ;
; Datas[32][2]                            ; Stuck at VCC due to stuck port data_in ;
; Datas[32][3]                            ; Stuck at GND due to stuck port data_in ;
; Datas[32][4]                            ; Stuck at VCC due to stuck port data_in ;
; Datas[32][5]                            ; Stuck at GND due to stuck port data_in ;
; Datas[32][6]                            ; Stuck at VCC due to stuck port data_in ;
; Datas[32][7]                            ; Stuck at GND due to stuck port data_in ;
; Datas[31][0]                            ; Stuck at GND due to stuck port data_in ;
; Datas[31][1]                            ; Stuck at VCC due to stuck port data_in ;
; Datas[31][2]                            ; Stuck at VCC due to stuck port data_in ;
; Datas[31][3]                            ; Stuck at GND due to stuck port data_in ;
; Datas[31][4]                            ; Stuck at GND due to stuck port data_in ;
; Datas[31][5]                            ; Stuck at GND due to stuck port data_in ;
; Datas[31][6]                            ; Stuck at VCC due to stuck port data_in ;
; Datas[31][7]                            ; Stuck at GND due to stuck port data_in ;
; Datas[30][0]                            ; Stuck at GND due to stuck port data_in ;
; Datas[30][1]                            ; Stuck at GND due to stuck port data_in ;
; Datas[30][2]                            ; Stuck at GND due to stuck port data_in ;
; Datas[30][3]                            ; Stuck at GND due to stuck port data_in ;
; Datas[30][4]                            ; Stuck at GND due to stuck port data_in ;
; Datas[30][5]                            ; Stuck at VCC due to stuck port data_in ;
; Datas[30][6]                            ; Stuck at GND due to stuck port data_in ;
; Datas[30][7]                            ; Stuck at GND due to stuck port data_in ;
; Datas[29][0]                            ; Stuck at GND due to stuck port data_in ;
; Datas[29][1]                            ; Stuck at VCC due to stuck port data_in ;
; Datas[29][2]                            ; Stuck at GND due to stuck port data_in ;
; Datas[29][3]                            ; Stuck at GND due to stuck port data_in ;
; Datas[29][4]                            ; Stuck at VCC due to stuck port data_in ;
; Datas[29][5]                            ; Stuck at VCC due to stuck port data_in ;
; Datas[29][6]                            ; Stuck at VCC due to stuck port data_in ;
; Datas[29][7]                            ; Stuck at GND due to stuck port data_in ;
; Datas[28][0]                            ; Stuck at VCC due to stuck port data_in ;
; Datas[28][1]                            ; Stuck at VCC due to stuck port data_in ;
; Datas[28][2]                            ; Stuck at VCC due to stuck port data_in ;
; Datas[28][3]                            ; Stuck at VCC due to stuck port data_in ;
; Datas[28][4]                            ; Stuck at GND due to stuck port data_in ;
; Datas[28][5]                            ; Stuck at VCC due to stuck port data_in ;
; Datas[28][6]                            ; Stuck at VCC due to stuck port data_in ;
; Datas[28][7]                            ; Stuck at GND due to stuck port data_in ;
; Datas[27][0]                            ; Stuck at GND due to stuck port data_in ;
; Datas[27][1]                            ; Stuck at VCC due to stuck port data_in ;
; Datas[27][2]                            ; Stuck at VCC due to stuck port data_in ;
; Datas[27][3]                            ; Stuck at GND due to stuck port data_in ;
; Datas[27][4]                            ; Stuck at GND due to stuck port data_in ;
; Datas[27][5]                            ; Stuck at VCC due to stuck port data_in ;
; Datas[27][6]                            ; Stuck at VCC due to stuck port data_in ;
; Datas[27][7]                            ; Stuck at GND due to stuck port data_in ;
; Datas[26][0]                            ; Stuck at GND due to stuck port data_in ;
; Datas[26][1]                            ; Stuck at GND due to stuck port data_in ;
; Datas[26][2]                            ; Stuck at GND due to stuck port data_in ;
; Datas[26][3]                            ; Stuck at GND due to stuck port data_in ;
; Datas[26][4]                            ; Stuck at GND due to stuck port data_in ;
; Datas[26][5]                            ; Stuck at VCC due to stuck port data_in ;
; Datas[26][6]                            ; Stuck at GND due to stuck port data_in ;
; Datas[26][7]                            ; Stuck at GND due to stuck port data_in ;
; Datas[25][0]                            ; Stuck at VCC due to stuck port data_in ;
; Datas[25][1]                            ; Stuck at GND due to stuck port data_in ;
; Datas[25][2]                            ; Stuck at GND due to stuck port data_in ;
; Datas[25][3]                            ; Stuck at GND due to stuck port data_in ;
; Datas[25][4]                            ; Stuck at GND due to stuck port data_in ;
; Datas[25][5]                            ; Stuck at GND due to stuck port data_in ;
; Datas[25][6]                            ; Stuck at VCC due to stuck port data_in ;
; Datas[25][7]                            ; Stuck at GND due to stuck port data_in ;
; Datas[24][0]                            ; Stuck at VCC due to stuck port data_in ;
; Datas[24][1]                            ; Stuck at VCC due to stuck port data_in ;
; Datas[24][2]                            ; Stuck at VCC due to stuck port data_in ;
; Datas[24][3]                            ; Stuck at GND due to stuck port data_in ;
; Datas[24][4]                            ; Stuck at GND due to stuck port data_in ;
; Datas[24][5]                            ; Stuck at GND due to stuck port data_in ;
; Datas[24][6]                            ; Stuck at VCC due to stuck port data_in ;
; Datas[24][7]                            ; Stuck at GND due to stuck port data_in ;
; Datas[23][0]                            ; Stuck at GND due to stuck port data_in ;
; Datas[23][1]                            ; Stuck at GND due to stuck port data_in ;
; Datas[23][2]                            ; Stuck at GND due to stuck port data_in ;
; Datas[23][3]                            ; Stuck at GND due to stuck port data_in ;
; Datas[23][4]                            ; Stuck at VCC due to stuck port data_in ;
; Datas[23][5]                            ; Stuck at GND due to stuck port data_in ;
; Datas[23][6]                            ; Stuck at VCC due to stuck port data_in ;
; Datas[23][7]                            ; Stuck at GND due to stuck port data_in ;
; Datas[22][0]                            ; Stuck at GND due to stuck port data_in ;
; Datas[22][1]                            ; Stuck at VCC due to stuck port data_in ;
; Datas[22][2]                            ; Stuck at VCC due to stuck port data_in ;
; Datas[22][3]                            ; Stuck at GND due to stuck port data_in ;
; Datas[22][4]                            ; Stuck at GND due to stuck port data_in ;
; Datas[22][5]                            ; Stuck at GND due to stuck port data_in ;
; Datas[22][6]                            ; Stuck at VCC due to stuck port data_in ;
; Datas[22][7]                            ; Stuck at GND due to stuck port data_in ;
; Datas[21][0]                            ; Stuck at GND due to stuck port data_in ;
; Datas[21][1]                            ; Stuck at GND due to stuck port data_in ;
; Datas[21][2]                            ; Stuck at GND due to stuck port data_in ;
; Datas[21][3]                            ; Stuck at GND due to stuck port data_in ;
; Datas[21][4]                            ; Stuck at GND due to stuck port data_in ;
; Datas[21][5]                            ; Stuck at GND due to stuck port data_in ;
; Datas[21][6]                            ; Stuck at VCC due to stuck port data_in ;
; Datas[21][7]                            ; Stuck at VCC due to stuck port data_in ;
; Datas[20][0]                            ; Stuck at GND due to stuck port data_in ;
; Datas[20][1]                            ; Stuck at GND due to stuck port data_in ;
; Datas[20][2]                            ; Stuck at GND due to stuck port data_in ;
; Datas[20][3]                            ; Stuck at GND due to stuck port data_in ;
; Datas[20][4]                            ; Stuck at GND due to stuck port data_in ;
; Datas[20][5]                            ; Stuck at VCC due to stuck port data_in ;
; Datas[20][6]                            ; Stuck at GND due to stuck port data_in ;
; Datas[20][7]                            ; Stuck at GND due to stuck port data_in ;
; Datas[19][0]                            ; Stuck at GND due to stuck port data_in ;
; Datas[19][1]                            ; Stuck at GND due to stuck port data_in ;
; Datas[19][2]                            ; Stuck at GND due to stuck port data_in ;
; Datas[19][3]                            ; Stuck at GND due to stuck port data_in ;
; Datas[19][4]                            ; Stuck at GND due to stuck port data_in ;
; Datas[19][5]                            ; Stuck at VCC due to stuck port data_in ;
; Datas[19][6]                            ; Stuck at GND due to stuck port data_in ;
; Datas[19][7]                            ; Stuck at GND due to stuck port data_in ;
; Datas[18][0]                            ; Stuck at GND due to stuck port data_in ;
; Datas[18][1]                            ; Stuck at GND due to stuck port data_in ;
; Datas[18][2]                            ; Stuck at GND due to stuck port data_in ;
; Datas[18][3]                            ; Stuck at GND due to stuck port data_in ;
; Datas[18][4]                            ; Stuck at GND due to stuck port data_in ;
; Datas[18][5]                            ; Stuck at VCC due to stuck port data_in ;
; Datas[18][6]                            ; Stuck at GND due to stuck port data_in ;
; Datas[18][7]                            ; Stuck at GND due to stuck port data_in ;
; Datas[17][0]                            ; Stuck at GND due to stuck port data_in ;
; Datas[17][1]                            ; Stuck at GND due to stuck port data_in ;
; Datas[17][2]                            ; Stuck at GND due to stuck port data_in ;
; Datas[17][3]                            ; Stuck at GND due to stuck port data_in ;
; Datas[17][4]                            ; Stuck at GND due to stuck port data_in ;
; Datas[17][5]                            ; Stuck at VCC due to stuck port data_in ;
; Datas[17][6]                            ; Stuck at GND due to stuck port data_in ;
; Datas[17][7]                            ; Stuck at GND due to stuck port data_in ;
; Datas[16][0]                            ; Stuck at GND due to stuck port data_in ;
; Datas[16][1]                            ; Stuck at GND due to stuck port data_in ;
; Datas[16][2]                            ; Stuck at VCC due to stuck port data_in ;
; Datas[16][3]                            ; Stuck at GND due to stuck port data_in ;
; Datas[16][4]                            ; Stuck at GND due to stuck port data_in ;
; Datas[16][5]                            ; Stuck at VCC due to stuck port data_in ;
; Datas[16][6]                            ; Stuck at VCC due to stuck port data_in ;
; Datas[16][7]                            ; Stuck at GND due to stuck port data_in ;
; Datas[15][0]                            ; Stuck at GND due to stuck port data_in ;
; Datas[15][1]                            ; Stuck at GND due to stuck port data_in ;
; Datas[15][2]                            ; Stuck at VCC due to stuck port data_in ;
; Datas[15][3]                            ; Stuck at VCC due to stuck port data_in ;
; Datas[15][4]                            ; Stuck at GND due to stuck port data_in ;
; Datas[15][5]                            ; Stuck at VCC due to stuck port data_in ;
; Datas[15][6]                            ; Stuck at VCC due to stuck port data_in ;
; Datas[15][7]                            ; Stuck at GND due to stuck port data_in ;
; Datas[14][0]                            ; Stuck at GND due to stuck port data_in ;
; Datas[14][1]                            ; Stuck at VCC due to stuck port data_in ;
; Datas[14][2]                            ; Stuck at GND due to stuck port data_in ;
; Datas[14][3]                            ; Stuck at GND due to stuck port data_in ;
; Datas[14][4]                            ; Stuck at VCC due to stuck port data_in ;
; Datas[14][5]                            ; Stuck at VCC due to stuck port data_in ;
; Datas[14][6]                            ; Stuck at VCC due to stuck port data_in ;
; Datas[14][7]                            ; Stuck at GND due to stuck port data_in ;
; Datas[13][0]                            ; Stuck at VCC due to stuck port data_in ;
; Datas[13][1]                            ; Stuck at VCC due to stuck port data_in ;
; Datas[13][2]                            ; Stuck at VCC due to stuck port data_in ;
; Datas[13][3]                            ; Stuck at VCC due to stuck port data_in ;
; Datas[13][4]                            ; Stuck at GND due to stuck port data_in ;
; Datas[13][5]                            ; Stuck at VCC due to stuck port data_in ;
; Datas[13][6]                            ; Stuck at VCC due to stuck port data_in ;
; Datas[13][7]                            ; Stuck at GND due to stuck port data_in ;
; Datas[12][0]                            ; Stuck at VCC due to stuck port data_in ;
; Datas[12][1]                            ; Stuck at VCC due to stuck port data_in ;
; Datas[12][2]                            ; Stuck at VCC due to stuck port data_in ;
; Datas[12][3]                            ; Stuck at GND due to stuck port data_in ;
; Datas[12][4]                            ; Stuck at VCC due to stuck port data_in ;
; Datas[12][5]                            ; Stuck at GND due to stuck port data_in ;
; Datas[12][6]                            ; Stuck at VCC due to stuck port data_in ;
; Datas[12][7]                            ; Stuck at GND due to stuck port data_in ;
; Datas[11][0]                            ; Stuck at GND due to stuck port data_in ;
; Datas[11][1]                            ; Stuck at GND due to stuck port data_in ;
; Datas[11][2]                            ; Stuck at GND due to stuck port data_in ;
; Datas[11][3]                            ; Stuck at GND due to stuck port data_in ;
; Datas[11][4]                            ; Stuck at GND due to stuck port data_in ;
; Datas[11][5]                            ; Stuck at VCC due to stuck port data_in ;
; Datas[11][6]                            ; Stuck at GND due to stuck port data_in ;
; Datas[11][7]                            ; Stuck at GND due to stuck port data_in ;
; Datas[10][0]                            ; Stuck at VCC due to stuck port data_in ;
; Datas[10][1]                            ; Stuck at VCC due to stuck port data_in ;
; Datas[10][2]                            ; Stuck at VCC due to stuck port data_in ;
; Datas[10][3]                            ; Stuck at VCC due to stuck port data_in ;
; Datas[10][4]                            ; Stuck at GND due to stuck port data_in ;
; Datas[10][5]                            ; Stuck at VCC due to stuck port data_in ;
; Datas[10][6]                            ; Stuck at VCC due to stuck port data_in ;
; Datas[10][7]                            ; Stuck at GND due to stuck port data_in ;
; Datas[9][0]                             ; Stuck at GND due to stuck port data_in ;
; Datas[9][1]                             ; Stuck at GND due to stuck port data_in ;
; Datas[9][2]                             ; Stuck at VCC due to stuck port data_in ;
; Datas[9][3]                             ; Stuck at VCC due to stuck port data_in ;
; Datas[9][4]                             ; Stuck at GND due to stuck port data_in ;
; Datas[9][5]                             ; Stuck at VCC due to stuck port data_in ;
; Datas[9][6]                             ; Stuck at VCC due to stuck port data_in ;
; Datas[9][7]                             ; Stuck at GND due to stuck port data_in ;
; Datas[8][0]                             ; Stuck at GND due to stuck port data_in ;
; Datas[8][1]                             ; Stuck at GND due to stuck port data_in ;
; Datas[8][2]                             ; Stuck at VCC due to stuck port data_in ;
; Datas[8][3]                             ; Stuck at VCC due to stuck port data_in ;
; Datas[8][4]                             ; Stuck at GND due to stuck port data_in ;
; Datas[8][5]                             ; Stuck at VCC due to stuck port data_in ;
; lcd_rw~reg0                             ; Stuck at GND due to stuck port data_in ;
; Datas[8][6]                             ; Stuck at VCC due to stuck port data_in ;
; Datas[8][7]                             ; Stuck at GND due to stuck port data_in ;
; Datas[7][0]                             ; Stuck at VCC due to stuck port data_in ;
; Datas[7][1]                             ; Stuck at GND due to stuck port data_in ;
; Datas[7][2]                             ; Stuck at VCC due to stuck port data_in ;
; Datas[7][3]                             ; Stuck at GND due to stuck port data_in ;
; Datas[7][4]                             ; Stuck at GND due to stuck port data_in ;
; Datas[7][5]                             ; Stuck at VCC due to stuck port data_in ;
; Datas[7][6]                             ; Stuck at VCC due to stuck port data_in ;
; Datas[7][7]                             ; Stuck at GND due to stuck port data_in ;
; Datas[6][0]                             ; Stuck at GND due to stuck port data_in ;
; Datas[6][1]                             ; Stuck at GND due to stuck port data_in ;
; Datas[6][2]                             ; Stuck at GND due to stuck port data_in ;
; Datas[6][3]                             ; Stuck at VCC due to stuck port data_in ;
; Datas[6][4]                             ; Stuck at GND due to stuck port data_in ;
; Datas[6][5]                             ; Stuck at GND due to stuck port data_in ;
; Datas[6][6]                             ; Stuck at VCC due to stuck port data_in ;
; Datas[6][7]                             ; Stuck at GND due to stuck port data_in ;
; Datas[5][0]                             ; Stuck at GND due to stuck port data_in ;
; Datas[5][1]                             ; Stuck at GND due to stuck port data_in ;
; Datas[5][2]                             ; Stuck at GND due to stuck port data_in ;
; Datas[5][3]                             ; Stuck at GND due to stuck port data_in ;
; Datas[5][4]                             ; Stuck at GND due to stuck port data_in ;
; Datas[5][5]                             ; Stuck at GND due to stuck port data_in ;
; Datas[5][6]                             ; Stuck at GND due to stuck port data_in ;
; Datas[5][7]                             ; Stuck at VCC due to stuck port data_in ;
; Datas[4][0]                             ; Stuck at VCC due to stuck port data_in ;
; Datas[4][1]                             ; Stuck at GND due to stuck port data_in ;
; Datas[4][2]                             ; Stuck at GND due to stuck port data_in ;
; Datas[4][3]                             ; Stuck at GND due to stuck port data_in ;
; Datas[4][4]                             ; Stuck at GND due to stuck port data_in ;
; Datas[4][5]                             ; Stuck at GND due to stuck port data_in ;
; Datas[4][6]                             ; Stuck at GND due to stuck port data_in ;
; Datas[4][7]                             ; Stuck at GND due to stuck port data_in ;
; Datas[3][0]                             ; Stuck at GND due to stuck port data_in ;
; Datas[3][1]                             ; Stuck at VCC due to stuck port data_in ;
; Datas[3][2]                             ; Stuck at VCC due to stuck port data_in ;
; Datas[3][3]                             ; Stuck at GND due to stuck port data_in ;
; Datas[3][4]                             ; Stuck at GND due to stuck port data_in ;
; Datas[3][5]                             ; Stuck at GND due to stuck port data_in ;
; Datas[3][6]                             ; Stuck at GND due to stuck port data_in ;
; Datas[3][7]                             ; Stuck at GND due to stuck port data_in ;
; Datas[2][0]                             ; Stuck at GND due to stuck port data_in ;
; Datas[2][1]                             ; Stuck at GND due to stuck port data_in ;
; Datas[2][2]                             ; Stuck at VCC due to stuck port data_in ;
; Datas[2][3]                             ; Stuck at VCC due to stuck port data_in ;
; Datas[2][4]                             ; Stuck at GND due to stuck port data_in ;
; Datas[2][5]                             ; Stuck at GND due to stuck port data_in ;
; Datas[2][6]                             ; Stuck at GND due to stuck port data_in ;
; Datas[2][7]                             ; Stuck at GND due to stuck port data_in ;
; Datas[1][0]                             ; Stuck at GND due to stuck port data_in ;
; Datas[1][1]                             ; Stuck at GND due to stuck port data_in ;
; Datas[1][2]                             ; Stuck at GND due to stuck port data_in ;
; Datas[1][3]                             ; Stuck at VCC due to stuck port data_in ;
; Datas[1][4]                             ; Stuck at VCC due to stuck port data_in ;
; Datas[1][5]                             ; Stuck at VCC due to stuck port data_in ;
; Datas[1][6]                             ; Stuck at GND due to stuck port data_in ;
; Datas[1][7]                             ; Stuck at GND due to stuck port data_in ;
; Total Number of Removed Registers = 289 ;                                        ;
+-----------------------------------------+----------------------------------------+


+------------------------------------------------------+
; General Register Statistics                          ;
+----------------------------------------------+-------+
; Statistic                                    ; Value ;
+----------------------------------------------+-------+
; Total registers                              ; 74    ;
; Number of registers using Synchronous Clear  ; 32    ;
; Number of registers using Synchronous Load   ; 0     ;
; Number of registers using Asynchronous Clear ; 0     ;
; Number of registers using Asynchronous Load  ; 0     ;
; Number of registers using Clock Enable       ; 8     ;
; Number of registers using Preset             ; 0     ;
+----------------------------------------------+-------+


+--------------------------------------------------+
; Inverted Register Statistics                     ;
+----------------------------------------+---------+
; Inverted Register                      ; Fan out ;
+----------------------------------------+---------+
; j[0]                                   ; 20      ;
; Total number of inverted registers = 1 ;         ;
+----------------------------------------+---------+


+------------------------------------------------------------------------------------------------------------------------------------------+
; Multiplexer Restructuring Statistics (Restructuring Performed)                                                                           ;
+--------------------+-----------+---------------+----------------------+------------------------+------------+----------------------------+
; Multiplexer Inputs ; Bus Width ; Baseline Area ; Area if Restructured ; Saving if Restructured ; Registered ; Example Multiplexer Output ;
+--------------------+-----------+---------------+----------------------+------------------------+------------+----------------------------+
; 3:1                ; 32 bits   ; 64 LEs        ; 32 LEs               ; 32 LEs                 ; Yes        ; |LCD_Display|i[28]         ;
; 6:1                ; 31 bits   ; 124 LEs       ; 31 LEs               ; 93 LEs                 ; Yes        ; |LCD_Display|j[8]          ;
; 4:1                ; 32 bits   ; 64 LEs        ; 32 LEs               ; 32 LEs                 ; No         ; |LCD_Display|j             ;
+--------------------+-----------+---------------+----------------------+------------------------+------------+----------------------------+


+-------------------------------+
; Elapsed Time Per Partition    ;
+----------------+--------------+
; Partition Name ; Elapsed Time ;
+----------------+--------------+
; Top            ; 00:00:00     ;
+----------------+--------------+


+-------------------------------+
; Analysis & Synthesis Messages ;
+-------------------------------+
Info: *******************************************************************
Info: Running Quartus II 32-bit Analysis & Synthesis
    Info: Version 13.1.0 Build 162 10/23/2013 SJ Web Edition
    Info: Processing started: Thu May 12 11:33:50 2022
Info: Command: quartus_map --read_settings_files=on --write_settings_files=off LCD_Display -c LCD_Display
Warning (20028): Parallel compilation is not licensed and has been disabled
Info (12021): Found 1 design units, including 1 entities, in source file lcd_display.v
    Info (12023): Found entity 1: LCD_Display
Info (12127): Elaborating entity "LCD_Display" for the top level hierarchy
Warning (10030): Net "Datas[37]" at LCD_Display.v(9) has no driver or initial value, using a default initial value '0'
Warning (13024): Output pins are stuck at VCC or GND
    Warning (13410): Pin "lcd_rw" is stuck at GND
Info (286030): Timing-Driven Synthesis is running
Info (16010): Generating hard_block partition "hard_block:auto_generated_inst"
    Info (16011): Adding 0 node(s), including 0 DDIO, 0 PLL, 0 transceiver and 0 LCELL
Info (21057): Implemented 188 device resources after synthesis - the final resource count might be different
    Info (21058): Implemented 1 input pins
    Info (21059): Implemented 11 output pins
    Info (21061): Implemented 176 logic cells
Info: Quartus II 32-bit Analysis & Synthesis was successful. 0 errors, 4 warnings
    Info: Peak virtual memory: 407 megabytes
    Info: Processing ended: Thu May 12 11:33:53 2022
    Info: Elapsed time: 00:00:03
    Info: Total CPU time (on all processors): 00:00:02


