Flow report for led_button_count
Sun May 15 09:58:09 2022
Quartus II 32-bit Version 13.1.0 Build 162 10/23/2013 SJ Web Edition


---------------------
; Table of Contents ;
---------------------
  1. Legal Notice
  2. Flow Summary
  3. Flow Settings
  4. Flow Non-Default Global Settings
  5. Flow Elapsed Time
  6. Flow OS Summary
  7. Flow Log
  8. Flow Messages
  9. Flow Suppressed Messages



----------------
; Legal Notice ;
----------------
Copyright (C) 1991-2013 Altera Corporation
Your use of Altera Corporation's design tools, logic functions 
and other software and tools, and its AMPP partner logic 
functions, and any output files from any of the foregoing 
(including device programming or simulation files), and any 
associated documentation or information are expressly subject 
to the terms and conditions of the Altera Program License 
Subscription Agreement, Altera MegaCore Function License 
Agreement, or other applicable license agreement, including, 
without limitation, that your use is for the sole purpose of 
programming logic devices manufactured by Altera and sold by 
Altera or its authorized distributors.  Please refer to the 
applicable agreement for further details.



+---------------------------------------------------------------------------------+
; Flow Summary                                                                    ;
+------------------------------------+--------------------------------------------+
; Flow Status                        ; Successful - Sun May 15 09:58:05 2022      ;
; Quartus II 32-bit Version          ; 13.1.0 Build 162 10/23/2013 SJ Web Edition ;
; Revision Name                      ; led_button_count                           ;
; Top-level Entity Name              ; led_button_count                           ;
; Family                             ; Cyclone IV E                               ;
; Device                             ; EP4CE6E22C8                                ;
; Timing Models                      ; Final                                      ;
; Total logic elements               ; 73 / 6,272 ( 1 % )                         ;
;     Total combinational functions  ; 73 / 6,272 ( 1 % )                         ;
;     Dedicated logic registers      ; 55 / 6,272 ( < 1 % )                       ;
; Total registers                    ; 55                                         ;
; Total pins                         ; 6 / 92 ( 7 % )                             ;
; Total virtual pins                 ; 0                                          ;
; Total memory bits                  ; 0 / 276,480 ( 0 % )                        ;
; Embedded Multiplier 9-bit elements ; 0 / 30 ( 0 % )                             ;
; Total PLLs                         ; 0 / 2 ( 0 % )                              ;
+------------------------------------+--------------------------------------------+


+-----------------------------------------+
; Flow Settings                           ;
+-------------------+---------------------+
; Option            ; Setting             ;
+-------------------+---------------------+
; Start date & time ; 05/15/2022 09:57:54 ;
; Main task         ; Compilation         ;
; Revision Name     ; led_button_count    ;
+-------------------+---------------------+


+------------------------------------------------------------------------------------------------------------------+
; Flow Non-Default Global Settings                                                                                 ;
+-------------------------------------+---------------------------------+---------------+-------------+------------+
; Assignment Name                     ; Value                           ; Default Value ; Entity Name ; Section Id ;
+-------------------------------------+---------------------------------+---------------+-------------+------------+
; COMPILER_SIGNATURE_ID               ; 123719801372750.165258707415452 ; --            ; --          ; --         ;
; MAX_CORE_JUNCTION_TEMP              ; 85                              ; --            ; --          ; --         ;
; MIN_CORE_JUNCTION_TEMP              ; 0                               ; --            ; --          ; --         ;
; NOMINAL_CORE_SUPPLY_VOLTAGE         ; 1.2V                            ; --            ; --          ; --         ;
; PARTITION_COLOR                     ; 16764057                        ; --            ; --          ; Top        ;
; PARTITION_FITTER_PRESERVATION_LEVEL ; PLACEMENT_AND_ROUTING           ; --            ; --          ; Top        ;
; PARTITION_NETLIST_TYPE              ; SOURCE                          ; --            ; --          ; Top        ;
; PROJECT_OUTPUT_DIRECTORY            ; output_files                    ; --            ; --          ; --         ;
+-------------------------------------+---------------------------------+---------------+-------------+------------+


+-------------------------------------------------------------------------------------------------------------------------------+
; Flow Elapsed Time                                                                                                             ;
+---------------------------+--------------+-------------------------+---------------------+------------------------------------+
; Module Name               ; Elapsed Time ; Average Processors Used ; Peak Virtual Memory ; Total CPU Time (on all processors) ;
+---------------------------+--------------+-------------------------+---------------------+------------------------------------+
; Analysis & Synthesis      ; 00:00:02     ; 1.0                     ; 402 MB              ; 00:00:01                           ;
; Fitter                    ; 00:00:05     ; 1.0                     ; 594 MB              ; 00:00:05                           ;
; Assembler                 ; 00:00:01     ; 1.0                     ; 388 MB              ; 00:00:01                           ;
; TimeQuest Timing Analyzer ; 00:00:02     ; 1.0                     ; 401 MB              ; 00:00:02                           ;
; Total                     ; 00:00:10     ; --                      ; --                  ; 00:00:09                           ;
+---------------------------+--------------+-------------------------+---------------------+------------------------------------+


+----------------------------------------------------------------------------------------+
; Flow OS Summary                                                                        ;
+---------------------------+------------------+-----------+------------+----------------+
; Module Name               ; Machine Hostname ; OS Name   ; OS Version ; Processor type ;
+---------------------------+------------------+-----------+------------+----------------+
; Analysis & Synthesis      ; CIT-181          ; Windows 7 ; 6.2        ; x86_64         ;
; Fitter                    ; CIT-181          ; Windows 7 ; 6.2        ; x86_64         ;
; Assembler                 ; CIT-181          ; Windows 7 ; 6.2        ; x86_64         ;
; TimeQuest Timing Analyzer ; CIT-181          ; Windows 7 ; 6.2        ; x86_64         ;
+---------------------------+------------------+-----------+------------+----------------+


------------
; Flow Log ;
------------
quartus_map --read_settings_files=on --write_settings_files=off led_button_count -c led_button_count
quartus_fit --read_settings_files=off --write_settings_files=off led_button_count -c led_button_count
quartus_asm --read_settings_files=off --write_settings_files=off led_button_count -c led_button_count
quartus_sta led_button_count -c led_button_count



